<?xml version="1.0" encoding="UTF-8"?>
<!-- Generated by org.testng.reporters.JUnitXMLReporter -->
<testsuite ignored="0" hostname="Raryan" failures="1" tests="4" name="Surefire test" time="34.151" errors="0" timestamp="2025-07-01T12:50:27 IST">
  <testcase classname="bookstoscape_automation.BooksTest" name="testAddBookToBasket" time="1.882"/>
  <testcase classname="bookstoscape_automation.BooksTest" name="testNonFictionCategory" time="2.933"/>
  <testcase classname="bookstoscape_automation.BooksTest" name="testPageTitle1" time="0.013">
    <failure type="java.lang.AssertionError" message="Page title mismatch! expected [My Store] but found [All products | Books to Scrape - Sandbox]">
      <![CDATA[java.lang.AssertionError: Page title mismatch! expected [My Store] but found [All products | Books to Scrape - Sandbox]
at bookstoscape_automation.BooksTest.testPageTitle1(BooksTest.java:26)
at java.base/java.util.ArrayList.forEach(ArrayList.java:1511)
... Removed 35 stack frames]]>
    </failure>
  </testcase> <!-- testPageTitle1 -->
  <testcase classname="bookstoscape_automation.BooksTest" name="testPageTitle2" time="0.025"/>
</testsuite> <!-- Surefire test -->
