<?xml version="1.0" encoding="UTF-8"?>
<!-- Generated by org.testng.reporters.JUnitXMLReporter -->
<testsuite ignored="0" hostname="Raryan" failures="0" tests="4" name="Surefire test" time="19.614" errors="0" timestamp="2025-07-13T21:16:04 IST">
  <testcase classname="testNG_JUNIT.GroupedTests" name="testCheckbox1" time="0.199"/>
  <testcase classname="testNG_JUNIT.GroupedTests" name="testCheckbox2" time="0.196"/>
  <testcase classname="testNG_JUNIT.GroupedTests" name="testRadio1" time="0.176"/>
  <testcase classname="testNG_JUNIT.GroupedTests" name="testRadio2" time="0.284"/>
</testsuite> <!-- Surefire test -->
